Nemanja Velickovic - HP 250 G6 Notebook PC
Processor: Intel(R) Core(TM) i5-7200U CPU @ 2.50GHz
RAM memory: 12GB (4+8) DDR4
Hard drive: 240GB SSD KINGSTON SUV400S
Operating system: Ubuntu
TPM: yes
Name: nvhpg6
Using this laptop since September 2017.

nvhpg6
    description: Notebook
    product: HP 250 G6 Notebook PC (1WY54EA#BED)
    vendor: HP
    version: Type1ProductConfigId
    serial: CND7234JM7
    width: 64 bits
    capabilities: smbios-3.0 dmi-3.0 vsyscall32
    configuration: administrator_password=disabled boot=normal chassis=notebook family=103C_5336AN HP 200 sku=1WY54EA#BED uuid=BA364F79-4B27-11E7-B753-F430B983AB00
  *-core
       description: Motherboard
       product: 832B
       vendor: HP
       physical id: 0
       version: 23.27
       serial: PGNFQI21V81N44
       slot: Type2 - Board Chassis Location
     *-firmware
          description: BIOS
          vendor: Insyde
          physical id: 0
          version: F.10
          date: 05/10/2017
          size: 128KiB
          capacity: 6080KiB
          capabilities: pci upgrade shadowing cdboot bootselect edd int13floppynec int13floppytoshiba int13floppy360 int13floppy1200 int13floppy720 int13floppy2880 int9keyboard int10video acpi usb biosbootspecification uefi
     *-cpu
          description: CPU
          product: Intel(R) Core(TM) i5-7200U CPU @ 2.50GHz
          vendor: Intel Corp.
          physical id: 4
          bus info: cpu@0
          version: Intel(R) Core(TM) i5-7200U CPU @ 2.50GHz
          serial: To Be Filled By O.E.M.
          slot: U3E1
          size: 574MHz
          capacity: 4005MHz
          width: 64 bits
          clock: 100MHz
          capabilities: x86-64 fpu fpu_exception wp vme de pse tsc msr pae mce cx8 apic sep mtrr pge mca cmov pat pse36 clflush dts acpi mmx fxsr sse sse2 ss ht tm pbe syscall nx pdpe1gb rdtscp constant_tsc art arch_perfmon pebs bts rep_good nopl xtopology nonstop_tsc aperfmperf tsc_known_freq pni pclmulqdq dtes64 monitor ds_cpl vmx est tm2 ssse3 sdbg fma cx16 xtpr pdcm pcid sse4_1 sse4_2 x2apic movbe popcnt tsc_deadline_timer aes xsave avx f16c rdrand lahf_lm abm 3dnowprefetch epb intel_pt tpr_shadow vnmi flexpriority ept vpid fsgsbase tsc_adjust bmi1 avx2 smep bmi2 erms invpcid mpx rdseed adx smap clflushopt xsaveopt xsavec xgetbv1 xsaves dtherm ida arat pln pts hwp hwp_notify hwp_act_window hwp_epp cpufreq
          configuration: cores=2 enabledcores=2 threads=4
        *-cache:0
             description: L1 cache
             physical id: 5
             slot: L1 Cache
             size: 128KiB
             capacity: 128KiB
             capabilities: synchronous internal write-back unified
             configuration: level=1
        *-cache:1
             description: L2 cache
             physical id: 6
             slot: L2 Cache
             size: 512KiB
             capacity: 512KiB
             capabilities: synchronous internal write-back unified
             configuration: level=2
        *-cache:2
             description: L3 cache
             physical id: 7
             slot: L3 Cache
             size: 3MiB
             capacity: 3MiB
             capabilities: synchronous internal write-back unified
             configuration: level=3
     *-memory
          description: System Memory
          physical id: 26
          slot: System board or motherboard
          size: 12GiB
        *-bank:0
             description: SODIMM Synchronous 2133 MHz (0.5 ns)
             product: HMA851S6AFR6N-UH
             vendor: SK Hynix
             physical id: 0
             serial: 4201609E
             slot: Bottom-slot 1(left)
             size: 4GiB
             width: 64 bits
             clock: 2133MHz (0.5ns)
        *-bank:1
             description: SODIMM Synchronous 2133 MHz (0.5 ns)
             product: 9905624-007.A00G
             vendor: Kingston
             physical id: 1
             serial: C513101C
             slot: Bottom-slot 2(right)
             size: 8GiB
             width: 64 bits
             clock: 2133MHz (0.5ns)
     *-pci
          description: Host bridge
          product: Xeon E3-1200 v6/7th Gen Core Processor Host Bridge/DRAM Registers
          vendor: Intel Corporation
          physical id: 100
          bus info: pci@0000:00:00.0
          version: 02
          width: 32 bits
          clock: 33MHz
        *-display
             description: VGA compatible controller
             product: HD Graphics 620
             vendor: Intel Corporation
             physical id: 2
             bus info: pci@0000:00:02.0
             version: 02
             width: 64 bits
             clock: 33MHz
             capabilities: pciexpress msi pm vga_controller bus_master cap_list rom
             configuration: driver=i915 latency=0
             resources: irq:128 memory:b0000000-b0ffffff memory:a0000000-afffffff ioport:5000(size=64) memory:c0000-dffff
        *-generic:0
             description: Signal processing controller
             product: Xeon E3-1200 v5/E3-1500 v5/6th Gen Core Processor Thermal Subsystem
             vendor: Intel Corporation
             physical id: 4
             bus info: pci@0000:00:04.0
             version: 02
             width: 64 bits
             clock: 33MHz
             capabilities: msi pm cap_list
             configuration: driver=proc_thermal latency=0
             resources: irq:16 memory:b1320000-b1327fff
        *-generic:1 UNCLAIMED
             description: System peripheral
             product: Xeon E3-1200 v5/v6 / E3-1500 v5 / 6th/7th Gen Core Processor Gaussian Mixture Model
             vendor: Intel Corporation
             physical id: 8
             bus info: pci@0000:00:08.0
             version: 00
             width: 64 bits
             clock: 33MHz
             capabilities: msi pm bus_master cap_list
             configuration: latency=0
             resources: memory:b1332000-b1332fff
        *-usb
             description: USB controller
             product: Sunrise Point-LP USB 3.0 xHCI Controller
             vendor: Intel Corporation
             physical id: 14
             bus info: pci@0000:00:14.0
             version: 21
             width: 64 bits
             clock: 33MHz
             capabilities: pm msi xhci bus_master cap_list
             configuration: driver=xhci_hcd latency=0
             resources: irq:125 memory:b1310000-b131ffff
           *-usbhost:0
                product: xHCI Host Controller
                vendor: Linux 4.10.0-37-generic xhci-hcd
                physical id: 0
                bus info: usb@1
                logical name: usb1
                version: 4.10
                capabilities: usb-2.00
                configuration: driver=hub slots=12 speed=480Mbit/s
              *-usb:0
                   description: USB hub
                   product: USB2.0 Hub
                   vendor: Genesys Logic, Inc.
                   physical id: 3
                   bus info: usb@1:3
                   version: 77.60
                   capabilities: usb-2.00
                   configuration: driver=hub maxpower=100mA slots=4 speed=480Mbit/s
                 *-usb:0
                      description: Keyboard
                      product: ActiveJet K-2024 Multimedia Keyboard
                      vendor: Elan Microelectronics Corp.
                      physical id: 2
                      bus info: usb@1:3.2
                      version: 1.07
                      capabilities: usb-2.00
                      configuration: driver=usbhid maxpower=100mA speed=2Mbit/s
                 *-usb:1
                      description: Keyboard
                      product: Mouse
                      vendor: NEWMEN1500
                      physical id: 3
                      bus info: usb@1:3.3
                      version: 7.21
                      capabilities: usb-2.00
                      configuration: driver=usbhid maxpower=100mA speed=12Mbit/s
              *-usb:1
                   description: Video
                   product: HP Webcam
                   vendor: DGENE019I74LA5
                   physical id: 5
                   bus info: usb@1:5
                   version: 0.13
                   serial: 200901010001
                   capabilities: usb-2.00
                   configuration: driver=uvcvideo maxpower=500mA speed=480Mbit/s
           *-usbhost:1
                product: xHCI Host Controller
                vendor: Linux 4.10.0-37-generic xhci-hcd
                physical id: 1
                bus info: usb@2
                logical name: usb2
                version: 4.10
                capabilities: usb-3.00
                configuration: driver=hub slots=6 speed=5000Mbit/s
        *-generic:2
             description: Signal processing controller
             product: Sunrise Point-LP Thermal subsystem
             vendor: Intel Corporation
             physical id: 14.2
             bus info: pci@0000:00:14.2
             version: 21
             width: 64 bits
             clock: 33MHz
             capabilities: pm msi bus_master cap_list
             configuration: driver=intel_pch_thermal latency=0
             resources: irq:18 memory:b1333000-b1333fff
        *-communication
             description: Communication controller
             product: Sunrise Point-LP CSME HECI #1
             vendor: Intel Corporation
             physical id: 16
             bus info: pci@0000:00:16.0
             version: 21
             width: 64 bits
             clock: 33MHz
             capabilities: pm msi bus_master cap_list
             configuration: driver=mei_me latency=0
             resources: irq:130 memory:b1334000-b1334fff
        *-storage
             description: SATA controller
             product: Sunrise Point-LP SATA Controller [AHCI mode]
             vendor: Intel Corporation
             physical id: 17
             bus info: pci@0000:00:17.0
             version: 21
             width: 32 bits
             clock: 66MHz
             capabilities: storage msi pm ahci_1.0 bus_master cap_list
             configuration: driver=ahci latency=0
             resources: irq:126 memory:b1330000-b1331fff memory:b1337000-b13370ff ioport:5080(size=8) ioport:5088(size=4) ioport:5060(size=32) memory:b1335000-b13357ff
        *-pci:0
             description: PCI bridge
             product: Sunrise Point-LP PCI Express Root Port #1
             vendor: Intel Corporation
             physical id: 1c
             bus info: pci@0000:00:1c.0
             version: f1
             width: 32 bits
             clock: 33MHz
             capabilities: pci pciexpress msi pm normal_decode bus_master cap_list
             configuration: driver=pcieport
             resources: irq:122 ioport:4000(size=4096) memory:b1200000-b12fffff ioport:90000000(size=268435456)
           *-display
                description: Display controller
                product: Sun XT [Radeon HD 8670A/8670M/8690M / R5 M330 / M430]
                vendor: Advanced Micro Devices, Inc. [AMD/ATI]
                physical id: 0
                bus info: pci@0000:01:00.0
                version: 83
                width: 64 bits
                clock: 33MHz
                capabilities: pm pciexpress msi bus_master cap_list rom
                configuration: driver=radeon latency=0
                resources: irq:129 memory:90000000-9fffffff memory:b1200000-b123ffff ioport:4000(size=256) memory:b1240000-b125ffff
        *-pci:1
             description: PCI bridge
             product: Sunrise Point-LP PCI Express Root Port #5
             vendor: Intel Corporation
             physical id: 1c.4
             bus info: pci@0000:00:1c.4
             version: f1
             width: 32 bits
             clock: 33MHz
             capabilities: pci pciexpress msi pm normal_decode bus_master cap_list
             configuration: driver=pcieport
             resources: irq:123 ioport:3000(size=4096) memory:b1100000-b11fffff
           *-network
                description: Ethernet interface
                product: RTL8111/8168/8411 PCI Express Gigabit Ethernet Controller
                vendor: Realtek Semiconductor Co., Ltd.
                physical id: 0
                bus info: pci@0000:02:00.0
                logical name: eno1
                version: 15
                serial: f4:30:b9:83:ab:00
                size: 100Mbit/s
                capacity: 1Gbit/s
                width: 64 bits
                clock: 33MHz
                capabilities: pm msi pciexpress msix bus_master cap_list ethernet physical tp mii 10bt 10bt-fd 100bt 100bt-fd 1000bt 1000bt-fd autonegotiation
                configuration: autonegotiation=on broadcast=yes driver=r8169 driverversion=2.3LK-NAPI duplex=full firmware=rtl8168h-2_0.0.2 02/26/15 ip=172.31.162.184 latency=0 link=yes multicast=yes port=MII speed=100Mbit/s
                resources: irq:127 ioport:3000(size=256) memory:b1104000-b1104fff memory:b1100000-b1103fff
        *-pci:2
             description: PCI bridge
             product: Sunrise Point-LP PCI Express Root Port #6
             vendor: Intel Corporation
             physical id: 1c.5
             bus info: pci@0000:00:1c.5
             version: f1
             width: 32 bits
             clock: 33MHz
             capabilities: pci pciexpress msi pm normal_decode bus_master cap_list
             configuration: driver=pcieport
             resources: irq:124 memory:b1000000-b10fffff
           *-network
                description: Wireless interface
                product: Intel Corporation
                vendor: Intel Corporation
                physical id: 0
                bus info: pci@0000:03:00.0
                logical name: wlo1
                version: 10
                serial: b0:35:9f:0d:a1:2e
                width: 64 bits
                clock: 33MHz
                capabilities: pm msi pciexpress bus_master cap_list ethernet physical wireless
                configuration: broadcast=yes driver=iwlwifi driverversion=4.10.0-37-generic firmware=22.391740.0 ip=10.41.89.31 latency=0 link=yes multicast=yes wireless=IEEE 802.11
                resources: irq:131 memory:b1000000-b1001fff
        *-isa
             description: ISA bridge
             product: Intel Corporation
             vendor: Intel Corporation
             physical id: 1f
             bus info: pci@0000:00:1f.0
             version: 21
             width: 32 bits
             clock: 33MHz
             capabilities: isa bus_master
             configuration: latency=0
        *-memory
             description: Memory controller
             product: Sunrise Point-LP PMC
             vendor: Intel Corporation
             physical id: 1f.2
             bus info: pci@0000:00:1f.2
             version: 21
             width: 32 bits
             clock: 33MHz (30.3ns)
             configuration: driver=intel_pmc_core latency=0
             resources: irq:0 memory:b132c000-b132ffff
        *-multimedia
             description: Audio device
             product: Sunrise Point-LP HD Audio
             vendor: Intel Corporation
             physical id: 1f.3
             bus info: pci@0000:00:1f.3
             version: 21
             width: 64 bits
             clock: 33MHz
             capabilities: pm msi bus_master cap_list
             configuration: driver=snd_hda_intel latency=32
             resources: irq:132 memory:b1328000-b132bfff memory:b1300000-b130ffff
        *-serial UNCLAIMED
             description: SMBus
             product: Sunrise Point-LP SMBus
             vendor: Intel Corporation
             physical id: 1f.4
             bus info: pci@0000:00:1f.4
             version: 21
             width: 64 bits
             clock: 33MHz
             configuration: latency=0
             resources: memory:b1336000-b13360ff ioport:5040(size=32)
     *-scsi:0
          physical id: 1
          logical name: scsi0
          capabilities: emulated
        *-disk
             description: ATA Disk
             product: KINGSTON SUV400S
             physical id: 0.0.0
             bus info: scsi@0:0.0.0
             logical name: /dev/sda
             version: 37R5
             serial: 50026B7773038C9B
             size: 223GiB (240GB)
             capabilities: partitioned partitioned:dos
             configuration: ansiversion=5 logicalsectorsize=512 sectorsize=4096 signature=f7037238
           *-volume:0
                description: EXT4 volume
                vendor: Linux
                physical id: 1
                bus info: scsi@0:0.0.0,1
                logical name: /dev/sda1
                logical name: /
                logical name: /var/lib/docker/plugins
                logical name: /var/lib/docker/aufs
                version: 1.0
                serial: ef9c2f47-b586-4a8f-a5bf-50f0e45d2acb
                size: 211GiB
                capacity: 211GiB
                capabilities: primary bootable journaled extended_attributes large_files huge_files dir_nlink recover extents ext4 ext2 initialized
                configuration: created=2017-09-01 13:58:19 filesystem=ext4 lastmountpoint=/ modified=2017-10-27 10:46:14 mount.fstype=ext4 mount.options=rw,relatime,errors=remount-ro,data=ordered mounted=2017-10-27 10:46:15 state=mounted
           *-volume:1
                description: Extended partition
                physical id: 2
                bus info: scsi@0:0.0.0,2
                logical name: /dev/sda2
                size: 11GiB
                capacity: 11GiB
                capabilities: primary extended partitioned partitioned:extended
              *-logicalvolume
                   description: Linux swap / Solaris partition
                   physical id: 5
                   logical name: /dev/sda5
                   capacity: 11GiB
                   capabilities: nofs
     *-scsi:1
          physical id: 2
          logical name: scsi1
          capabilities: emulated
        *-cdrom
             description: DVD writer
             product: DVDRW  DA8AESH
             vendor: hp
             physical id: 0.0.0
             bus info: scsi@1:0.0.0
             logical name: /dev/cdrom
             logical name: /dev/cdrw
             logical name: /dev/dvd
             logical name: /dev/dvdrw
             logical name: /dev/sr0
             version: XH6M
             capabilities: removable audio cd-r cd-rw dvd dvd-r
             configuration: ansiversion=5 status=nodisc
  *-battery
       product: JC04041
       vendor: 131-24-72
       physical id: 1
       version: 0
       serial: 0
       slot: Primary
       capacity: 41440mWh
       configuration: voltage=14.8V
  *-power UNCLAIMED
       description: OEM Define 1
       product: OEM Define 5
       vendor: OEM Define 2
       physical id: 2
       version: OEM Define 6
       serial: OEM Define 3
       capacity: 75mWh
